0 info it worked if it ends with ok
1 verbose cli [ '/usr/bin/node', '/usr/bin/npm', 'install', '-g', 'lesscss' ]
2 info using npm@1.4.28
3 info using node@v0.10.33
4 verbose node symlink /usr/bin/node
5 verbose cache add [ 'lesscss', null ]
6 verbose cache add name=undefined spec="lesscss" args=["lesscss",null]
7 verbose parsed url { protocol: null,
7 verbose parsed url   slashes: null,
7 verbose parsed url   auth: null,
7 verbose parsed url   host: null,
7 verbose parsed url   port: null,
7 verbose parsed url   hostname: null,
7 verbose parsed url   hash: null,
7 verbose parsed url   search: null,
7 verbose parsed url   query: null,
7 verbose parsed url   pathname: 'lesscss',
7 verbose parsed url   path: 'lesscss',
7 verbose parsed url   href: 'lesscss' }
8 silly lockFile 4e046e7e-lesscss lesscss
9 verbose lock lesscss /home/easylogic/.npm/4e046e7e-lesscss.lock
10 silly lockFile 4e046e7e-lesscss lesscss
11 silly lockFile 4e046e7e-lesscss lesscss
12 verbose addNamed [ 'lesscss', '' ]
13 verbose addNamed [ null, '*' ]
14 silly lockFile a1871225-lesscss lesscss@
15 verbose lock lesscss@ /home/easylogic/.npm/a1871225-lesscss.lock
16 silly addNameRange { name: 'lesscss', range: '*', hasData: false }
17 verbose request where is /lesscss
18 verbose request registry https://registry.npmjs.org/
19 verbose request id fabb6273178b1d77
20 verbose url raw /lesscss
21 verbose url resolving [ 'https://registry.npmjs.org/', './lesscss' ]
22 verbose url resolved https://registry.npmjs.org/lesscss
23 verbose request where is https://registry.npmjs.org/lesscss
24 info trying registry request attempt 1 at 19:45:52
25 http GET https://registry.npmjs.org/lesscss
26 http 404 https://registry.npmjs.org/lesscss
27 verbose headers { server: 'CouchDB/1.5.0 (Erlang OTP/R16B03)',
27 verbose headers   'content-type': 'application/json',
27 verbose headers   'cache-control': 'max-age=0',
27 verbose headers   'content-length': '51',
27 verbose headers   'accept-ranges': 'bytes',
27 verbose headers   date: 'Mon, 20 Jul 2015 10:46:22 GMT',
27 verbose headers   via: '1.1 varnish',
27 verbose headers   age: '0',
27 verbose headers   connection: 'keep-alive',
27 verbose headers   'x-served-by': 'cache-ams4131-AMS',
27 verbose headers   'x-cache': 'MISS',
27 verbose headers   'x-cache-hits': '0',
27 verbose headers   'x-timer': 'S1437389182.553435,VS0,VE171' }
28 silly registry.get cb [ 404,
28 silly registry.get   { server: 'CouchDB/1.5.0 (Erlang OTP/R16B03)',
28 silly registry.get     'content-type': 'application/json',
28 silly registry.get     'cache-control': 'max-age=0',
28 silly registry.get     'content-length': '51',
28 silly registry.get     'accept-ranges': 'bytes',
28 silly registry.get     date: 'Mon, 20 Jul 2015 10:46:22 GMT',
28 silly registry.get     via: '1.1 varnish',
28 silly registry.get     age: '0',
28 silly registry.get     connection: 'keep-alive',
28 silly registry.get     'x-served-by': 'cache-ams4131-AMS',
28 silly registry.get     'x-cache': 'MISS',
28 silly registry.get     'x-cache-hits': '0',
28 silly registry.get     'x-timer': 'S1437389182.553435,VS0,VE171' } ]
29 silly lockFile a1871225-lesscss lesscss@
30 silly lockFile a1871225-lesscss lesscss@
31 error 404 404 Not Found: lesscss
31 error 404
31 error 404 'lesscss' is not in the npm registry.
31 error 404 You should bug the author to publish it
31 error 404
31 error 404 Note that you can also install from a
31 error 404 tarball, folder, or http url, or git url.
32 error System Linux 3.5.0-30-generic
33 error command "/usr/bin/node" "/usr/bin/npm" "install" "-g" "lesscss"
34 error cwd /home/easylogic/projects/store/public/sample/ui
35 error node -v v0.10.33
36 error npm -v 1.4.28
37 error code E404
38 verbose exit [ 1, true ]
